0 info it worked if it ends with ok
1 verbose cli [ '/usr/bin/node', '/usr/bin/npm', 'install' ]
2 info using npm@3.5.2
3 info using node@v8.10.0
4 silly loadCurrentTree Starting
5 silly install loadCurrentTree
6 silly install readLocalPackageData
7 silly install normalizeTree
8 silly loadCurrentTree Finishing
9 silly loadIdealTree Starting
10 silly install loadIdealTree
11 silly cloneCurrentTree Starting
12 silly install cloneCurrentTreeToIdealTree
13 silly cloneCurrentTree Finishing
14 silly loadShrinkwrap Starting
15 silly install loadShrinkwrap
16 silly loadShrinkwrap Finishing
17 silly loadAllDepsIntoIdealTree Starting
18 silly install loadAllDepsIntoIdealTree
19 silly fetchNamedPackageData @hapi/hapi
20 silly mapToRegistry name @hapi/hapi
21 silly mapToRegistry scope (from package name) @hapi
22 verbose mapToRegistry no registry URL found in name for scope @hapi
23 silly mapToRegistry using default registry
24 silly mapToRegistry registry https://registry.npmjs.org/
25 silly mapToRegistry uri https://registry.npmjs.org/@hapi%2fhapi
26 silly fetchNamedPackageData dotenv
27 silly mapToRegistry name dotenv
28 silly mapToRegistry using default registry
29 silly mapToRegistry registry https://registry.npmjs.org/
30 silly mapToRegistry uri https://registry.npmjs.org/dotenv
31 silly fetchNamedPackageData @hapi/inert
32 silly mapToRegistry name @hapi/inert
33 silly mapToRegistry scope (from package name) @hapi
34 verbose mapToRegistry no registry URL found in name for scope @hapi
35 silly mapToRegistry using default registry
36 silly mapToRegistry registry https://registry.npmjs.org/
37 silly mapToRegistry uri https://registry.npmjs.org/@hapi%2finert
38 silly fetchNamedPackageData moment
39 silly mapToRegistry name moment
40 silly mapToRegistry using default registry
41 silly mapToRegistry registry https://registry.npmjs.org/
42 silly mapToRegistry uri https://registry.npmjs.org/moment
43 silly fetchNamedPackageData pug
44 silly mapToRegistry name pug
45 silly mapToRegistry using default registry
46 silly mapToRegistry registry https://registry.npmjs.org/
47 silly mapToRegistry uri https://registry.npmjs.org/pug
48 silly fetchNamedPackageData sequelize
49 silly mapToRegistry name sequelize
50 silly mapToRegistry using default registry
51 silly mapToRegistry registry https://registry.npmjs.org/
52 silly mapToRegistry uri https://registry.npmjs.org/sequelize
53 silly fetchNamedPackageData slug
54 silly mapToRegistry name slug
55 silly mapToRegistry using default registry
56 silly mapToRegistry registry https://registry.npmjs.org/
57 silly mapToRegistry uri https://registry.npmjs.org/slug
58 silly fetchNamedPackageData sqlite3
59 silly mapToRegistry name sqlite3
60 silly mapToRegistry using default registry
61 silly mapToRegistry registry https://registry.npmjs.org/
62 silly mapToRegistry uri https://registry.npmjs.org/sqlite3
63 silly fetchNamedPackageData @hapi/vision
64 silly mapToRegistry name @hapi/vision
65 silly mapToRegistry scope (from package name) @hapi
66 verbose mapToRegistry no registry URL found in name for scope @hapi
67 silly mapToRegistry using default registry
68 silly mapToRegistry registry https://registry.npmjs.org/
69 silly mapToRegistry uri https://registry.npmjs.org/@hapi%2fvision
70 verbose request uri https://registry.npmjs.org/@hapi%2finert
71 verbose request no auth needed
72 info attempt registry request try #1 at 6:28:05 PM
73 verbose request id e61d8cf004b4139e
74 verbose etag W/"3cac0b27ddb0c9b55668599a132bfa29"
75 verbose lastModified Sun, 12 Jan 2020 08:32:11 GMT
76 http request GET https://registry.npmjs.org/@hapi%2finert
77 verbose request uri https://registry.npmjs.org/dotenv
78 verbose request no auth needed
79 info attempt registry request try #1 at 6:28:05 PM
80 verbose etag W/"eb436f22633dd89c882317c4b26f3166"
81 verbose lastModified Fri, 21 Feb 2020 20:38:27 GMT
82 http request GET https://registry.npmjs.org/dotenv
83 verbose request uri https://registry.npmjs.org/@hapi%2fhapi
84 verbose request no auth needed
85 info attempt registry request try #1 at 6:28:05 PM
86 verbose etag W/"d84ad2c60985f46aa7cca0af2ebd122f"
87 verbose lastModified Thu, 13 Feb 2020 20:38:58 GMT
88 http request GET https://registry.npmjs.org/@hapi%2fhapi
89 verbose request uri https://registry.npmjs.org/pug
90 verbose request no auth needed
91 info attempt registry request try #1 at 6:28:05 PM
92 verbose etag W/"f6c60f87591e78e5d7074b02a10201a4"
93 verbose lastModified Tue, 19 Nov 2019 21:45:09 GMT
94 http request GET https://registry.npmjs.org/pug
95 verbose request uri https://registry.npmjs.org/moment
96 verbose request no auth needed
97 info attempt registry request try #1 at 6:28:05 PM
98 verbose etag W/"9b5ca60a2d949521aae5175b180ffa19"
99 verbose lastModified Mon, 04 May 2020 15:13:12 GMT
100 http request GET https://registry.npmjs.org/moment
101 verbose request uri https://registry.npmjs.org/@hapi%2fvision
102 verbose request no auth needed
103 info attempt registry request try #1 at 6:28:05 PM
104 verbose etag W/"43288805cc3fabfcdb94c3640f37a940"
105 verbose lastModified Fri, 10 Jan 2020 07:29:32 GMT
106 http request GET https://registry.npmjs.org/@hapi%2fvision
107 verbose request uri https://registry.npmjs.org/slug
108 verbose request no auth needed
109 info attempt registry request try #1 at 6:28:05 PM
110 verbose etag W/"dca9f6f5fd51f057234470a610b86c38"
111 verbose lastModified Sat, 25 Jan 2020 19:33:41 GMT
112 http request GET https://registry.npmjs.org/slug
113 verbose request uri https://registry.npmjs.org/sqlite3
114 verbose request no auth needed
115 info attempt registry request try #1 at 6:28:05 PM
116 verbose etag W/"c86056ba030d6dbce28160df5e6172a5"
117 verbose lastModified Mon, 27 Apr 2020 19:57:18 GMT
118 http request GET https://registry.npmjs.org/sqlite3
119 verbose request uri https://registry.npmjs.org/sequelize
120 verbose request no auth needed
121 info attempt registry request try #1 at 6:28:05 PM
122 verbose etag W/"9b02b0fc03396726a7ced23ab62fb47c"
123 verbose lastModified Thu, 23 Apr 2020 03:50:32 GMT
124 http request GET https://registry.npmjs.org/sequelize
125 http 304 https://registry.npmjs.org/pug
126 verbose headers { date: 'Thu, 07 May 2020 12:58:06 GMT',
126 verbose headers   connection: 'keep-alive',
126 verbose headers   'set-cookie':
126 verbose headers    [ '__cfduid=d972153b689429d7ab197f903849254151588856286; expires=Sat, 06-Jun-20 12:58:06 GMT; path=/; domain=.npmjs.org; HttpOnly; SameSite=Lax' ],
126 verbose headers   'cf-ray': '58fb1c4c8b0e6985-BOM',
126 verbose headers   age: '4932',
126 verbose headers   'cache-control': 'public, max-age=300',
126 verbose headers   etag: '"f6c60f87591e78e5d7074b02a10201a4"',
126 verbose headers   'last-modified': 'Tue, 19 Nov 2019 21:45:09 GMT',
126 verbose headers   vary: 'Accept-Encoding',
126 verbose headers   'cf-cache-status': 'HIT',
126 verbose headers   'expect-ct': 'max-age=604800, report-uri="https://report-uri.cloudflare.com/cdn-cgi/beacon/expect-ct"',
126 verbose headers   server: 'cloudflare',
126 verbose headers   'cf-request-id': '0290d003d700006985f8bc9200000001' }
127 silly get cb [ 304,
127 silly get   { date: 'Thu, 07 May 2020 12:58:06 GMT',
127 silly get     connection: 'keep-alive',
127 silly get     'set-cookie':
127 silly get      [ '__cfduid=d972153b689429d7ab197f903849254151588856286; expires=Sat, 06-Jun-20 12:58:06 GMT; path=/; domain=.npmjs.org; HttpOnly; SameSite=Lax' ],
127 silly get     'cf-ray': '58fb1c4c8b0e6985-BOM',
127 silly get     age: '4932',
127 silly get     'cache-control': 'public, max-age=300',
127 silly get     etag: '"f6c60f87591e78e5d7074b02a10201a4"',
127 silly get     'last-modified': 'Tue, 19 Nov 2019 21:45:09 GMT',
127 silly get     vary: 'Accept-Encoding',
127 silly get     'cf-cache-status': 'HIT',
127 silly get     'expect-ct': 'max-age=604800, report-uri="https://report-uri.cloudflare.com/cdn-cgi/beacon/expect-ct"',
127 silly get     server: 'cloudflare',
127 silly get     'cf-request-id': '0290d003d700006985f8bc9200000001' } ]
128 verbose etag https://registry.npmjs.org/pug from cache
129 verbose get saving pug to /home/shraddha/.npm/registry.npmjs.org/pug/.cache.json
130 silly resolveWithNewModule pug@2.0.4 checking installable status
131 silly cache add args [ 'pug@^2.0.4', null ]
132 verbose cache add spec pug@^2.0.4
133 silly cache add parsed spec Result {
133 silly cache add   raw: 'pug@^2.0.4',
133 silly cache add   scope: null,
133 silly cache add   name: 'pug',
133 silly cache add   rawSpec: '^2.0.4',
133 silly cache add   spec: '>=2.0.4 <3.0.0',
133 silly cache add   type: 'range' }
134 silly addNamed pug@>=2.0.4 <3.0.0
135 verbose addNamed ">=2.0.4 <3.0.0" is a valid semver range for pug
136 silly addNameRange { name: 'pug', range: '>=2.0.4 <3.0.0', hasData: false }
137 silly mapToRegistry name pug
138 silly mapToRegistry using default registry
139 silly mapToRegistry registry https://registry.npmjs.org/
140 silly mapToRegistry uri https://registry.npmjs.org/pug
141 verbose addNameRange registry:https://registry.npmjs.org/pug not in flight; fetching
142 http 304 https://registry.npmjs.org/dotenv
143 verbose headers { date: 'Thu, 07 May 2020 12:58:06 GMT',
143 verbose headers   connection: 'keep-alive',
143 verbose headers   'set-cookie':
143 verbose headers    [ '__cfduid=de8ec11f8c15f9804c7a2032f385bbe211588856286; expires=Sat, 06-Jun-20 12:58:06 GMT; path=/; domain=.npmjs.org; HttpOnly; SameSite=Lax' ],
143 verbose headers   'cf-ray': '58fb1c4c9d24d5fc-BOM',
143 verbose headers   age: '4027',
143 verbose headers   'cache-control': 'public, max-age=300',
143 verbose headers   etag: '"eb436f22633dd89c882317c4b26f3166"',
143 verbose headers   'last-modified': 'Fri, 21 Feb 2020 20:38:27 GMT',
143 verbose headers   vary: 'Accept-Encoding',
143 verbose headers   'cf-cache-status': 'HIT',
143 verbose headers   'expect-ct': 'max-age=604800, report-uri="https://report-uri.cloudflare.com/cdn-cgi/beacon/expect-ct"',
143 verbose headers   server: 'cloudflare',
143 verbose headers   'cf-request-id': '0290d003e20000d5fcbbb8f200000001' }
144 silly get cb [ 304,
144 silly get   { date: 'Thu, 07 May 2020 12:58:06 GMT',
144 silly get     connection: 'keep-alive',
144 silly get     'set-cookie':
144 silly get      [ '__cfduid=de8ec11f8c15f9804c7a2032f385bbe211588856286; expires=Sat, 06-Jun-20 12:58:06 GMT; path=/; domain=.npmjs.org; HttpOnly; SameSite=Lax' ],
144 silly get     'cf-ray': '58fb1c4c9d24d5fc-BOM',
144 silly get     age: '4027',
144 silly get     'cache-control': 'public, max-age=300',
144 silly get     etag: '"eb436f22633dd89c882317c4b26f3166"',
144 silly get     'last-modified': 'Fri, 21 Feb 2020 20:38:27 GMT',
144 silly get     vary: 'Accept-Encoding',
144 silly get     'cf-cache-status': 'HIT',
144 silly get     'expect-ct': 'max-age=604800, report-uri="https://report-uri.cloudflare.com/cdn-cgi/beacon/expect-ct"',
144 silly get     server: 'cloudflare',
144 silly get     'cf-request-id': '0290d003e20000d5fcbbb8f200000001' } ]
145 verbose etag https://registry.npmjs.org/dotenv from cache
146 verbose get saving dotenv to /home/shraddha/.npm/registry.npmjs.org/dotenv/.cache.json
147 http 304 https://registry.npmjs.org/@hapi%2finert
148 verbose headers { date: 'Thu, 07 May 2020 12:58:06 GMT',
148 verbose headers   connection: 'keep-alive',
148 verbose headers   'set-cookie':
148 verbose headers    [ '__cfduid=da41479658eae2dee157829d9c22bd3e41588856286; expires=Sat, 06-Jun-20 12:58:06 GMT; path=/; domain=.npmjs.org; HttpOnly; SameSite=Lax' ],
148 verbose headers   'cf-ray': '58fb1c4c8b63d5c4-BOM',
148 verbose headers   age: '209',
148 verbose headers   'cache-control': 'public, max-age=300',
148 verbose headers   etag: '"3cac0b27ddb0c9b55668599a132bfa29"',
148 verbose headers   'last-modified': 'Sun, 12 Jan 2020 08:32:11 GMT',
148 verbose headers   vary: 'Accept-Encoding',
148 verbose headers   'cf-cache-status': 'HIT',
148 verbose headers   'expect-ct': 'max-age=604800, report-uri="https://report-uri.cloudflare.com/cdn-cgi/beacon/expect-ct"',
148 verbose headers   server: 'cloudflare',
148 verbose headers   'cf-request-id': '0290d003d50000d5c4eb193200000001' }
149 silly get cb [ 304,
149 silly get   { date: 'Thu, 07 May 2020 12:58:06 GMT',
149 silly get     connection: 'keep-alive',
149 silly get     'set-cookie':
149 silly get      [ '__cfduid=da41479658eae2dee157829d9c22bd3e41588856286; expires=Sat, 06-Jun-20 12:58:06 GMT; path=/; domain=.npmjs.org; HttpOnly; SameSite=Lax' ],
149 silly get     'cf-ray': '58fb1c4c8b63d5c4-BOM',
149 silly get     age: '209',
149 silly get     'cache-control': 'public, max-age=300',
149 silly get     etag: '"3cac0b27ddb0c9b55668599a132bfa29"',
149 silly get     'last-modified': 'Sun, 12 Jan 2020 08:32:11 GMT',
149 silly get     vary: 'Accept-Encoding',
149 silly get     'cf-cache-status': 'HIT',
149 silly get     'expect-ct': 'max-age=604800, report-uri="https://report-uri.cloudflare.com/cdn-cgi/beacon/expect-ct"',
149 silly get     server: 'cloudflare',
149 silly get     'cf-request-id': '0290d003d50000d5c4eb193200000001' } ]
150 verbose etag https://registry.npmjs.org/@hapi%2finert from cache
151 verbose get saving @hapi/inert to /home/shraddha/.npm/registry.npmjs.org/_40hapi_252finert/.cache.json
152 http 304 https://registry.npmjs.org/slug
153 verbose headers { date: 'Thu, 07 May 2020 12:58:06 GMT',
153 verbose headers   connection: 'keep-alive',
153 verbose headers   'set-cookie':
153 verbose headers    [ '__cfduid=d28040c1b8bf351b04038d41343d3de801588856286; expires=Sat, 06-Jun-20 12:58:06 GMT; path=/; domain=.npmjs.org; HttpOnly; SameSite=Lax' ],
153 verbose headers   'cf-ray': '58fb1c4cae56d5bb-BOM',
153 verbose headers   age: '208',
153 verbose headers   'cache-control': 'public, max-age=300',
153 verbose headers   etag: '"dca9f6f5fd51f057234470a610b86c38"',
153 verbose headers   'last-modified': 'Sat, 25 Jan 2020 19:33:41 GMT',
153 verbose headers   vary: 'Accept-Encoding',
153 verbose headers   'cf-cache-status': 'HIT',
153 verbose headers   'expect-ct': 'max-age=604800, report-uri="https://report-uri.cloudflare.com/cdn-cgi/beacon/expect-ct"',
153 verbose headers   server: 'cloudflare',
153 verbose headers   'cf-request-id': '0290d003ec0000d5bb99336200000001' }
154 silly get cb [ 304,
154 silly get   { date: 'Thu, 07 May 2020 12:58:06 GMT',
154 silly get     connection: 'keep-alive',
154 silly get     'set-cookie':
154 silly get      [ '__cfduid=d28040c1b8bf351b04038d41343d3de801588856286; expires=Sat, 06-Jun-20 12:58:06 GMT; path=/; domain=.npmjs.org; HttpOnly; SameSite=Lax' ],
154 silly get     'cf-ray': '58fb1c4cae56d5bb-BOM',
154 silly get     age: '208',
154 silly get     'cache-control': 'public, max-age=300',
154 silly get     etag: '"dca9f6f5fd51f057234470a610b86c38"',
154 silly get     'last-modified': 'Sat, 25 Jan 2020 19:33:41 GMT',
154 silly get     vary: 'Accept-Encoding',
154 silly get     'cf-cache-status': 'HIT',
154 silly get     'expect-ct': 'max-age=604800, report-uri="https://report-uri.cloudflare.com/cdn-cgi/beacon/expect-ct"',
154 silly get     server: 'cloudflare',
154 silly get     'cf-request-id': '0290d003ec0000d5bb99336200000001' } ]
155 verbose etag https://registry.npmjs.org/slug from cache
156 verbose get saving slug to /home/shraddha/.npm/registry.npmjs.org/slug/.cache.json
157 http 304 https://registry.npmjs.org/sequelize
158 verbose headers { date: 'Thu, 07 May 2020 12:58:06 GMT',
158 verbose headers   connection: 'keep-alive',
158 verbose headers   'set-cookie':
158 verbose headers    [ '__cfduid=d38eb616c553650d676726fe62301ef2e1588856286; expires=Sat, 06-Jun-20 12:58:06 GMT; path=/; domain=.npmjs.org; HttpOnly; SameSite=Lax' ],
158 verbose headers   'cf-ray': '58fb1c4caf66d5f8-BOM',
158 verbose headers   age: '208',
158 verbose headers   'cache-control': 'public, max-age=300',
158 verbose headers   etag: '"9b02b0fc03396726a7ced23ab62fb47c"',
158 verbose headers   'last-modified': 'Thu, 23 Apr 2020 03:50:32 GMT',
158 verbose headers   vary: 'Accept-Encoding',
158 verbose headers   'cf-cache-status': 'HIT',
158 verbose headers   'expect-ct': 'max-age=604800, report-uri="https://report-uri.cloudflare.com/cdn-cgi/beacon/expect-ct"',
158 verbose headers   server: 'cloudflare',
158 verbose headers   'cf-request-id': '0290d003ed0000d5f806998200000001' }
159 silly get cb [ 304,
159 silly get   { date: 'Thu, 07 May 2020 12:58:06 GMT',
159 silly get     connection: 'keep-alive',
159 silly get     'set-cookie':
159 silly get      [ '__cfduid=d38eb616c553650d676726fe62301ef2e1588856286; expires=Sat, 06-Jun-20 12:58:06 GMT; path=/; domain=.npmjs.org; HttpOnly; SameSite=Lax' ],
159 silly get     'cf-ray': '58fb1c4caf66d5f8-BOM',
159 silly get     age: '208',
159 silly get     'cache-control': 'public, max-age=300',
159 silly get     etag: '"9b02b0fc03396726a7ced23ab62fb47c"',
159 silly get     'last-modified': 'Thu, 23 Apr 2020 03:50:32 GMT',
159 silly get     vary: 'Accept-Encoding',
159 silly get     'cf-cache-status': 'HIT',
159 silly get     'expect-ct': 'max-age=604800, report-uri="https://report-uri.cloudflare.com/cdn-cgi/beacon/expect-ct"',
159 silly get     server: 'cloudflare',
159 silly get     'cf-request-id': '0290d003ed0000d5f806998200000001' } ]
160 verbose etag https://registry.npmjs.org/sequelize from cache
161 verbose get saving sequelize to /home/shraddha/.npm/registry.npmjs.org/sequelize/.cache.json
162 http 304 https://registry.npmjs.org/sqlite3
163 verbose headers { date: 'Thu, 07 May 2020 12:58:06 GMT',
163 verbose headers   connection: 'keep-alive',
163 verbose headers   'set-cookie':
163 verbose headers    [ '__cfduid=df4a62ae61e76fae55b7e92dbe8f576611588856286; expires=Sat, 06-Jun-20 12:58:06 GMT; path=/; domain=.npmjs.org; HttpOnly; SameSite=Lax' ],
163 verbose headers   'cf-ray': '58fb1c4cbb4cd5e8-BOM',
163 verbose headers   age: '4402',
163 verbose headers   'cache-control': 'public, max-age=300',
163 verbose headers   etag: '"c86056ba030d6dbce28160df5e6172a5"',
163 verbose headers   'last-modified': 'Mon, 27 Apr 2020 19:57:18 GMT',
163 verbose headers   vary: 'Accept-Encoding',
163 verbose headers   'cf-cache-status': 'HIT',
163 verbose headers   'expect-ct': 'max-age=604800, report-uri="https://report-uri.cloudflare.com/cdn-cgi/beacon/expect-ct"',
163 verbose headers   server: 'cloudflare',
163 verbose headers   'cf-request-id': '0290d003ee0000d5e8c288c200000001' }
164 silly get cb [ 304,
164 silly get   { date: 'Thu, 07 May 2020 12:58:06 GMT',
164 silly get     connection: 'keep-alive',
164 silly get     'set-cookie':
164 silly get      [ '__cfduid=df4a62ae61e76fae55b7e92dbe8f576611588856286; expires=Sat, 06-Jun-20 12:58:06 GMT; path=/; domain=.npmjs.org; HttpOnly; SameSite=Lax' ],
164 silly get     'cf-ray': '58fb1c4cbb4cd5e8-BOM',
164 silly get     age: '4402',
164 silly get     'cache-control': 'public, max-age=300',
164 silly get     etag: '"c86056ba030d6dbce28160df5e6172a5"',
164 silly get     'last-modified': 'Mon, 27 Apr 2020 19:57:18 GMT',
164 silly get     vary: 'Accept-Encoding',
164 silly get     'cf-cache-status': 'HIT',
164 silly get     'expect-ct': 'max-age=604800, report-uri="https://report-uri.cloudflare.com/cdn-cgi/beacon/expect-ct"',
164 silly get     server: 'cloudflare',
164 silly get     'cf-request-id': '0290d003ee0000d5e8c288c200000001' } ]
165 verbose etag https://registry.npmjs.org/sqlite3 from cache
166 verbose get saving sqlite3 to /home/shraddha/.npm/registry.npmjs.org/sqlite3/.cache.json
167 http 304 https://registry.npmjs.org/moment
168 verbose headers { date: 'Thu, 07 May 2020 12:58:06 GMT',
168 verbose headers   connection: 'keep-alive',
168 verbose headers   'set-cookie':
168 verbose headers    [ '__cfduid=df4a62ae61e76fae55b7e92dbe8f576611588856286; expires=Sat, 06-Jun-20 12:58:06 GMT; path=/; domain=.npmjs.org; HttpOnly; SameSite=Lax' ],
168 verbose headers   'cf-ray': '58fb1c4cab47d5e8-BOM',
168 verbose headers   age: '650',
168 verbose headers   'cache-control': 'public, max-age=300',
168 verbose headers   etag: '"9b5ca60a2d949521aae5175b180ffa19"',
168 verbose headers   'last-modified': 'Mon, 04 May 2020 15:13:12 GMT',
168 verbose headers   vary: 'Accept-Encoding',
168 verbose headers   'cf-cache-status': 'HIT',
168 verbose headers   'expect-ct': 'max-age=604800, report-uri="https://report-uri.cloudflare.com/cdn-cgi/beacon/expect-ct"',
168 verbose headers   server: 'cloudflare',
168 verbose headers   'cf-request-id': '0290d003eb0000d5e8b89df200000001' }
169 silly get cb [ 304,
169 silly get   { date: 'Thu, 07 May 2020 12:58:06 GMT',
169 silly get     connection: 'keep-alive',
169 silly get     'set-cookie':
169 silly get      [ '__cfduid=df4a62ae61e76fae55b7e92dbe8f576611588856286; expires=Sat, 06-Jun-20 12:58:06 GMT; path=/; domain=.npmjs.org; HttpOnly; SameSite=Lax' ],
169 silly get     'cf-ray': '58fb1c4cab47d5e8-BOM',
169 silly get     age: '650',
169 silly get     'cache-control': 'public, max-age=300',
169 silly get     etag: '"9b5ca60a2d949521aae5175b180ffa19"',
169 silly get     'last-modified': 'Mon, 04 May 2020 15:13:12 GMT',
169 silly get     vary: 'Accept-Encoding',
169 silly get     'cf-cache-status': 'HIT',
169 silly get     'expect-ct': 'max-age=604800, report-uri="https://report-uri.cloudflare.com/cdn-cgi/beacon/expect-ct"',
169 silly get     server: 'cloudflare',
169 silly get     'cf-request-id': '0290d003eb0000d5e8b89df200000001' } ]
170 verbose etag https://registry.npmjs.org/moment from cache
171 verbose get saving moment to /home/shraddha/.npm/registry.npmjs.org/moment/.cache.json
172 verbose get https://registry.npmjs.org/pug not expired, no request
173 silly addNameRange number 2 { name: 'pug', range: '>=2.0.4 <3.0.0', hasData: true }
174 silly addNameRange versions [ 'pug',
174 silly addNameRange   [ '0.0.0',
174 silly addNameRange     '0.1.0',
174 silly addNameRange     '2.0.0-alpha1',
174 silly addNameRange     '2.0.0-alpha2',
174 silly addNameRange     '2.0.0-alpha3',
174 silly addNameRange     '2.0.0-alpha4',
174 silly addNameRange     '2.0.0-alpha5',
174 silly addNameRange     '2.0.0-alpha6',
174 silly addNameRange     '2.0.0-alpha7',
174 silly addNameRange     '2.0.0-alpha8',
174 silly addNameRange     '2.0.0-beta1',
174 silly addNameRange     '2.0.0-beta2',
174 silly addNameRange     '2.0.0-beta3',
174 silly addNameRange     '2.0.0-beta4',
174 silly addNameRange     '2.0.0-beta5',
174 silly addNameRange     '2.0.0-beta6',
174 silly addNameRange     '2.0.0-beta7',
174 silly addNameRange     '2.0.0-beta8',
174 silly addNameRange     '2.0.0-beta9',
174 silly addNameRange     '2.0.0-beta10',
174 silly addNameRange     '2.0.0-beta11',
174 silly addNameRange     '2.0.0-beta.12',
174 silly addNameRange     '2.0.0-rc.1',
174 silly addNameRange     '2.0.0-rc.2',
174 silly addNameRange     '2.0.0-rc.3',
174 silly addNameRange     '2.0.0-rc.4',
174 silly addNameRange     '2.0.0',
174 silly addNameRange     '2.0.1',
174 silly addNameRange     '2.0.2',
174 silly addNameRange     '2.0.3',
174 silly addNameRange     '2.0.4' ] ]
175 silly addNamed pug@2.0.4
176 verbose addNamed "2.0.4" is a plain semver version for pug
177 http 304 https://registry.npmjs.org/@hapi%2fhapi
178 verbose headers { date: 'Thu, 07 May 2020 12:58:06 GMT',
178 verbose headers   connection: 'keep-alive',
178 verbose headers   'set-cookie':
178 verbose headers    [ '__cfduid=d223a4df4aeb0ea766791adb64ed420d11588856286; expires=Sat, 06-Jun-20 12:58:06 GMT; path=/; domain=.npmjs.org; HttpOnly; SameSite=Lax' ],
178 verbose headers   'cf-ray': '58fb1c4cabd94da9-BOM',
178 verbose headers   age: '4345',
178 verbose headers   'cache-control': 'public, max-age=300',
178 verbose headers   etag: '"d84ad2c60985f46aa7cca0af2ebd122f"',
178 verbose headers   'last-modified': 'Thu, 13 Feb 2020 20:38:58 GMT',
178 verbose headers   vary: 'Accept-Encoding',
178 verbose headers   'cf-cache-status': 'HIT',
178 verbose headers   'expect-ct': 'max-age=604800, report-uri="https://report-uri.cloudflare.com/cdn-cgi/beacon/expect-ct"',
178 verbose headers   server: 'cloudflare',
178 verbose headers   'cf-request-id': '0290d003ea00004da915153200000001' }
179 silly get cb [ 304,
179 silly get   { date: 'Thu, 07 May 2020 12:58:06 GMT',
179 silly get     connection: 'keep-alive',
179 silly get     'set-cookie':
179 silly get      [ '__cfduid=d223a4df4aeb0ea766791adb64ed420d11588856286; expires=Sat, 06-Jun-20 12:58:06 GMT; path=/; domain=.npmjs.org; HttpOnly; SameSite=Lax' ],
179 silly get     'cf-ray': '58fb1c4cabd94da9-BOM',
179 silly get     age: '4345',
179 silly get     'cache-control': 'public, max-age=300',
179 silly get     etag: '"d84ad2c60985f46aa7cca0af2ebd122f"',
179 silly get     'last-modified': 'Thu, 13 Feb 2020 20:38:58 GMT',
179 silly get     vary: 'Accept-Encoding',
179 silly get     'cf-cache-status': 'HIT',
179 silly get     'expect-ct': 'max-age=604800, report-uri="https://report-uri.cloudflare.com/cdn-cgi/beacon/expect-ct"',
179 silly get     server: 'cloudflare',
179 silly get     'cf-request-id': '0290d003ea00004da915153200000001' } ]
180 verbose etag https://registry.npmjs.org/@hapi%2fhapi from cache
181 verbose get saving @hapi/hapi to /home/shraddha/.npm/registry.npmjs.org/_40hapi_252fhapi/.cache.json
182 http 304 https://registry.npmjs.org/@hapi%2fvision
183 verbose headers { date: 'Thu, 07 May 2020 12:58:06 GMT',
183 verbose headers   connection: 'keep-alive',
183 verbose headers   'set-cookie':
183 verbose headers    [ '__cfduid=da467d3f38a26918ce26d629b0a5059491588856286; expires=Sat, 06-Jun-20 12:58:06 GMT; path=/; domain=.npmjs.org; HttpOnly; SameSite=Lax' ],
183 verbose headers   'cf-ray': '58fb1c4caa10d58b-BOM',
183 verbose headers   age: '4345',
183 verbose headers   'cache-control': 'public, max-age=300',
183 verbose headers   etag: '"43288805cc3fabfcdb94c3640f37a940"',
183 verbose headers   'last-modified': 'Fri, 10 Jan 2020 07:29:32 GMT',
183 verbose headers   vary: 'Accept-Encoding',
183 verbose headers   'cf-cache-status': 'HIT',
183 verbose headers   'expect-ct': 'max-age=604800, report-uri="https://report-uri.cloudflare.com/cdn-cgi/beacon/expect-ct"',
183 verbose headers   server: 'cloudflare',
183 verbose headers   'cf-request-id': '0290d003e60000d58bc70ef200000001' }
184 silly get cb [ 304,
184 silly get   { date: 'Thu, 07 May 2020 12:58:06 GMT',
184 silly get     connection: 'keep-alive',
184 silly get     'set-cookie':
184 silly get      [ '__cfduid=da467d3f38a26918ce26d629b0a5059491588856286; expires=Sat, 06-Jun-20 12:58:06 GMT; path=/; domain=.npmjs.org; HttpOnly; SameSite=Lax' ],
184 silly get     'cf-ray': '58fb1c4caa10d58b-BOM',
184 silly get     age: '4345',
184 silly get     'cache-control': 'public, max-age=300',
184 silly get     etag: '"43288805cc3fabfcdb94c3640f37a940"',
184 silly get     'last-modified': 'Fri, 10 Jan 2020 07:29:32 GMT',
184 silly get     vary: 'Accept-Encoding',
184 silly get     'cf-cache-status': 'HIT',
184 silly get     'expect-ct': 'max-age=604800, report-uri="https://report-uri.cloudflare.com/cdn-cgi/beacon/expect-ct"',
184 silly get     server: 'cloudflare',
184 silly get     'cf-request-id': '0290d003e60000d58bc70ef200000001' } ]
185 verbose etag https://registry.npmjs.org/@hapi%2fvision from cache
186 verbose get saving @hapi/vision to /home/shraddha/.npm/registry.npmjs.org/_40hapi_252fvision/.cache.json
187 silly fetchPackageMetaData Error: No compatible version found: @hapi/inert@5.1.3
187 silly fetchPackageMetaData Valid install targets:
187 silly fetchPackageMetaData 6.0.1, 6.0.0, 5.2.2, 5.2.1, 5.2.0
187 silly fetchPackageMetaData
187 silly fetchPackageMetaData     at pickVersionFromRegistryDocument (/usr/share/npm/lib/fetch-package-metadata.js:156:16)
187 silly fetchPackageMetaData     at /usr/share/npm/node_modules/iferr/index.js:13:50
187 silly fetchPackageMetaData     at /usr/share/npm/lib/utils/pulse-till-done.js:19:8
187 silly fetchPackageMetaData     at saved (/usr/share/npm/lib/cache/caching-client.js:168:7)
187 silly fetchPackageMetaData     at /usr/share/npm/node_modules/graceful-fs/polyfills.js:210:7
187 silly fetchPackageMetaData     at FSReqWrap.oncomplete (fs.js:135:15)
187 silly fetchPackageMetaData  error for @hapi/inert@5.1.3 Error: No compatible version found: @hapi/inert@5.1.3
187 silly fetchPackageMetaData Valid install targets:
187 silly fetchPackageMetaData 6.0.1, 6.0.0, 5.2.2, 5.2.1, 5.2.0
187 silly fetchPackageMetaData
187 silly fetchPackageMetaData     at pickVersionFromRegistryDocument (/usr/share/npm/lib/fetch-package-metadata.js:156:16)
187 silly fetchPackageMetaData     at /usr/share/npm/node_modules/iferr/index.js:13:50
187 silly fetchPackageMetaData     at /usr/share/npm/lib/utils/pulse-till-done.js:19:8
187 silly fetchPackageMetaData     at saved (/usr/share/npm/lib/cache/caching-client.js:168:7)
187 silly fetchPackageMetaData     at /usr/share/npm/node_modules/graceful-fs/polyfills.js:210:7
187 silly fetchPackageMetaData     at FSReqWrap.oncomplete (fs.js:135:15)
188 silly resolveWithNewModule dotenv@8.2.0 checking installable status
189 silly cache add args [ 'dotenv@8.2.0', null ]
190 verbose cache add spec dotenv@8.2.0
191 silly cache add parsed spec Result {
191 silly cache add   raw: 'dotenv@8.2.0',
191 silly cache add   scope: null,
191 silly cache add   name: 'dotenv',
191 silly cache add   rawSpec: '8.2.0',
191 silly cache add   spec: '8.2.0',
191 silly cache add   type: 'version' }
192 silly addNamed dotenv@8.2.0
193 verbose addNamed "8.2.0" is a plain semver version for dotenv
194 silly mapToRegistry name dotenv
195 silly mapToRegistry using default registry
196 silly mapToRegistry registry https://registry.npmjs.org/
197 silly mapToRegistry uri https://registry.npmjs.org/dotenv
198 verbose addNameVersion registry:https://registry.npmjs.org/dotenv not in flight; fetching
199 silly resolveWithNewModule slug@2.1.1 checking installable status
200 silly cache add args [ 'slug@^2.1.0', null ]
201 verbose cache add spec slug@^2.1.0
202 silly cache add parsed spec Result {
202 silly cache add   raw: 'slug@^2.1.0',
202 silly cache add   scope: null,
202 silly cache add   name: 'slug',
202 silly cache add   rawSpec: '^2.1.0',
202 silly cache add   spec: '>=2.1.0 <3.0.0',
202 silly cache add   type: 'range' }
203 silly addNamed slug@>=2.1.0 <3.0.0
204 verbose addNamed ">=2.1.0 <3.0.0" is a valid semver range for slug
205 silly addNameRange { name: 'slug', range: '>=2.1.0 <3.0.0', hasData: false }
206 silly mapToRegistry name slug
207 silly mapToRegistry using default registry
208 silly mapToRegistry registry https://registry.npmjs.org/
209 silly mapToRegistry uri https://registry.npmjs.org/slug
210 verbose addNameRange registry:https://registry.npmjs.org/slug not in flight; fetching
211 silly cache afterAdd pug@2.0.4
212 verbose afterAdd /home/shraddha/.npm/pug/2.0.4/package/package.json not in flight; writing
213 silly resolveWithNewModule sqlite3@4.2.0 checking installable status
214 silly cache add args [ 'sqlite3@^4.1.1', null ]
215 verbose cache add spec sqlite3@^4.1.1
216 silly cache add parsed spec Result {
216 silly cache add   raw: 'sqlite3@^4.1.1',
216 silly cache add   scope: null,
216 silly cache add   name: 'sqlite3',
216 silly cache add   rawSpec: '^4.1.1',
216 silly cache add   spec: '>=4.1.1 <5.0.0',
216 silly cache add   type: 'range' }
217 silly addNamed sqlite3@>=4.1.1 <5.0.0
218 verbose addNamed ">=4.1.1 <5.0.0" is a valid semver range for sqlite3
219 silly addNameRange { name: 'sqlite3', range: '>=4.1.1 <5.0.0', hasData: false }
220 silly mapToRegistry name sqlite3
221 silly mapToRegistry using default registry
222 silly mapToRegistry registry https://registry.npmjs.org/
223 silly mapToRegistry uri https://registry.npmjs.org/sqlite3
224 verbose addNameRange registry:https://registry.npmjs.org/sqlite3 not in flight; fetching
225 silly resolveWithNewModule sequelize@5.21.7 checking installable status
226 silly cache add args [ 'sequelize@^5.21.3', null ]
227 verbose cache add spec sequelize@^5.21.3
228 silly cache add parsed spec Result {
228 silly cache add   raw: 'sequelize@^5.21.3',
228 silly cache add   scope: null,
228 silly cache add   name: 'sequelize',
228 silly cache add   rawSpec: '^5.21.3',
228 silly cache add   spec: '>=5.21.3 <6.0.0',
228 silly cache add   type: 'range' }
229 silly addNamed sequelize@>=5.21.3 <6.0.0
230 verbose addNamed ">=5.21.3 <6.0.0" is a valid semver range for sequelize
231 silly addNameRange { name: 'sequelize', range: '>=5.21.3 <6.0.0', hasData: false }
232 silly mapToRegistry name sequelize
233 silly mapToRegistry using default registry
234 silly mapToRegistry registry https://registry.npmjs.org/
235 silly mapToRegistry uri https://registry.npmjs.org/sequelize
236 verbose addNameRange registry:https://registry.npmjs.org/sequelize not in flight; fetching
237 silly resolveWithNewModule @hapi/hapi@18.4.0 checking installable status
238 silly cache add args [ '@hapi/hapi@18.4.0', null ]
239 verbose cache add spec @hapi/hapi@18.4.0
240 silly cache add parsed spec Result {
240 silly cache add   raw: '@hapi/hapi@18.4.0',
240 silly cache add   scope: '@hapi',
240 silly cache add   name: '@hapi/hapi',
240 silly cache add   rawSpec: '18.4.0',
240 silly cache add   spec: '18.4.0',
240 silly cache add   type: 'version' }
241 silly addNamed @hapi/hapi@18.4.0
242 verbose addNamed "18.4.0" is a plain semver version for @hapi/hapi
243 silly mapToRegistry name @hapi/hapi
244 silly mapToRegistry scope (from package name) @hapi
245 verbose mapToRegistry no registry URL found in name for scope @hapi
246 silly mapToRegistry using default registry
247 silly mapToRegistry registry https://registry.npmjs.org/
248 silly mapToRegistry uri https://registry.npmjs.org/@hapi%2fhapi
249 verbose addNameVersion registry:https://registry.npmjs.org/@hapi%2fhapi not in flight; fetching
250 silly resolveWithNewModule moment@2.25.3 checking installable status
251 silly cache add args [ 'moment@^2.24.0', null ]
252 verbose cache add spec moment@^2.24.0
253 silly cache add parsed spec Result {
253 silly cache add   raw: 'moment@^2.24.0',
253 silly cache add   scope: null,
253 silly cache add   name: 'moment',
253 silly cache add   rawSpec: '^2.24.0',
253 silly cache add   spec: '>=2.24.0 <3.0.0',
253 silly cache add   type: 'range' }
254 silly addNamed moment@>=2.24.0 <3.0.0
255 verbose addNamed ">=2.24.0 <3.0.0" is a valid semver range for moment
256 silly addNameRange { name: 'moment', range: '>=2.24.0 <3.0.0', hasData: false }
257 silly mapToRegistry name moment
258 silly mapToRegistry using default registry
259 silly mapToRegistry registry https://registry.npmjs.org/
260 silly mapToRegistry uri https://registry.npmjs.org/moment
261 verbose addNameRange registry:https://registry.npmjs.org/moment not in flight; fetching
262 silly resolveWithNewModule @hapi/vision@5.5.4 checking installable status
263 silly cache add args [ '@hapi/vision@^5.4.4', null ]
264 verbose cache add spec @hapi/vision@^5.4.4
265 silly cache add parsed spec Result {
265 silly cache add   raw: '@hapi/vision@^5.4.4',
265 silly cache add   scope: '@hapi',
265 silly cache add   name: '@hapi/vision',
265 silly cache add   rawSpec: '^5.4.4',
265 silly cache add   spec: '>=5.4.4 <6.0.0',
265 silly cache add   type: 'range' }
266 silly addNamed @hapi/vision@>=5.4.4 <6.0.0
267 verbose addNamed ">=5.4.4 <6.0.0" is a valid semver range for @hapi/vision
268 silly addNameRange { name: '@hapi/vision', range: '>=5.4.4 <6.0.0', hasData: false }
269 silly mapToRegistry name @hapi/vision
270 silly mapToRegistry scope (from package name) @hapi
271 verbose mapToRegistry no registry URL found in name for scope @hapi
272 silly mapToRegistry using default registry
273 silly mapToRegistry registry https://registry.npmjs.org/
274 silly mapToRegistry uri https://registry.npmjs.org/@hapi%2fvision
275 verbose addNameRange registry:https://registry.npmjs.org/@hapi%2fvision not in flight; fetching
276 verbose get https://registry.npmjs.org/dotenv not expired, no request
277 verbose get https://registry.npmjs.org/slug not expired, no request
278 silly addNameRange number 2 { name: 'slug', range: '>=2.1.0 <3.0.0', hasData: true }
279 silly addNameRange versions [ 'slug',
279 silly addNameRange   [ '0.1.0',
279 silly addNameRange     '0.1.1',
279 silly addNameRange     '0.2.0',
279 silly addNameRange     '0.2.1',
279 silly addNameRange     '0.2.2',
279 silly addNameRange     '0.3.0',
279 silly addNameRange     '0.3.1',
279 silly addNameRange     '0.3.2',
279 silly addNameRange     '0.3.3',
279 silly addNameRange     '0.3.4',
279 silly addNameRange     '0.4.0',
279 silly addNameRange     '0.4.1',
279 silly addNameRange     '0.4.2',
279 silly addNameRange     '0.5.0',
279 silly addNameRange     '0.6.0',
279 silly addNameRange     '0.7.0',
279 silly addNameRange     '0.7.1',
279 silly addNameRange     '0.8.0',
279 silly addNameRange     '0.9.0',
279 silly addNameRange     '0.9.1',
279 silly addNameRange     '0.9.2',
279 silly addNameRange     '0.9.3',
279 silly addNameRange     '0.9.4',
279 silly addNameRange     '1.0.0',
279 silly addNameRange     '1.1.0',
279 silly addNameRange     '2.0.0',
279 silly addNameRange     '2.1.0',
279 silly addNameRange     '2.1.1' ] ]
280 silly addNamed slug@2.1.1
281 verbose addNamed "2.1.1" is a plain semver version for slug
282 verbose get https://registry.npmjs.org/sqlite3 not expired, no request
283 silly addNameRange number 2 { name: 'sqlite3', range: '>=4.1.1 <5.0.0', hasData: true }
284 silly addNameRange versions [ 'sqlite3',
284 silly addNameRange   [ '2.0.0',
284 silly addNameRange     '2.0.1',
284 silly addNameRange     '2.0.2',
284 silly addNameRange     '2.0.3',
284 silly addNameRange     '2.0.4',
284 silly addNameRange     '2.0.5',
284 silly addNameRange     '2.0.6',
284 silly addNameRange     '2.0.7',
284 silly addNameRange     '2.0.8',
284 silly addNameRange     '2.0.9',
284 silly addNameRange     '2.0.10',
284 silly addNameRange     '2.0.11',
284 silly addNameRange     '2.0.12',
284 silly addNameRange     '2.0.13',
284 silly addNameRange     '2.0.14',
284 silly addNameRange     '2.0.15',
284 silly addNameRange     '2.0.16',
284 silly addNameRange     '2.0.17',
284 silly addNameRange     '2.0.18',
284 silly addNameRange     '2.1.0',
284 silly addNameRange     '2.1.1',
284 silly addNameRange     '2.1.2',
284 silly addNameRange     '2.1.3',
284 silly addNameRange     '2.1.4',
284 silly addNameRange     '2.1.5',
284 silly addNameRange     '2.1.7',
284 silly addNameRange     '2.1.8',
284 silly addNameRange     '2.1.9',
284 silly addNameRange     '2.1.10',
284 silly addNameRange     '2.1.11',
284 silly addNameRange     '2.1.12',
284 silly addNameRange     '2.1.13',
284 silly addNameRange     '2.1.14',
284 silly addNameRange     '2.1.15',
284 silly addNameRange     '2.1.16',
284 silly addNameRange     '2.1.17',
284 silly addNameRange     '2.1.18',
284 silly addNameRange     '2.1.19',
284 silly addNameRange     '2.2.0',
284 silly addNameRange     '2.2.1',
284 silly addNameRange     '2.2.2',
284 silly addNameRange     '2.2.3',
284 silly addNameRange     '2.2.4',
284 silly addNameRange     '2.2.6',
284 silly addNameRange     '2.2.7',
284 silly addNameRange     '3.0.0',
284 silly addNameRange     '3.0.1',
284 silly addNameRange     '3.0.2',
284 silly addNameRange     '3.0.4',
284 silly addNameRange     '3.0.5',
284 silly addNameRange     '3.0.6',
284 silly addNameRange     '3.0.7',
284 silly addNameRange     '3.0.8',
284 silly addNameRange     '3.0.9',
284 silly addNameRange     '3.0.10',
284 silly addNameRange     '3.1.0',
284 silly addNameRange     '3.1.1',
284 silly addNameRange     '3.1.2',
284 silly addNameRange     '3.1.3',
284 silly addNameRange     '3.1.4',
284 silly addNameRange     '3.1.5',
284 silly addNameRange     '3.1.6',
284 silly addNameRange     '3.1.7',
284 silly addNameRange     '3.1.8',
284 silly addNameRange     '3.1.9',
284 silly addNameRange     '3.1.10-alpha',
284 silly addNameRange     '3.1.10',
284 silly addNameRange     '3.1.11',
284 silly addNameRange     '3.1.12',
284 silly addNameRange     '3.1.13',
284 silly addNameRange     '4.0.0',
284 silly addNameRange     '4.0.1',
284 silly addNameRange     '4.0.2',
284 silly addNameRange     '4.0.3',
284 silly addNameRange     '4.0.4',
284 silly addNameRange     '4.0.6',
284 silly addNameRange     '4.0.7',
284 silly addNameRange     '4.0.8',
284 silly addNameRange     '4.0.9',
284 silly addNameRange     '4.1.0',
284 silly addNameRange     '4.1.1',
284 silly addNameRange     '4.2.0' ] ]
285 silly addNamed sqlite3@4.2.0
286 verbose addNamed "4.2.0" is a plain semver version for sqlite3
287 verbose afterAdd /home/shraddha/.npm/pug/2.0.4/package/package.json written
288 verbose get https://registry.npmjs.org/sequelize not expired, no request
289 silly addNameRange number 2 { name: 'sequelize', range: '>=5.21.3 <6.0.0', hasData: true }
290 silly addNameRange versions [ 'sequelize',
290 silly addNameRange   [ '0.2.2',
290 silly addNameRange     '0.2.3',
290 silly addNameRange     '0.2.4',
290 silly addNameRange     '0.2.5',
290 silly addNameRange     '0.2.6',
290 silly addNameRange     '0.3.0',
290 silly addNameRange     '0.4.0',
290 silly addNameRange     '0.4.1',
290 silly addNameRange     '0.4.2',
290 silly addNameRange     '0.4.3',
290 silly addNameRange     '1.0.0',
290 silly addNameRange     '1.0.1',
290 silly addNameRange     '1.0.2',
290 silly addNameRange     '1.1.0',
290 silly addNameRange     '1.1.1',
290 silly addNameRange     '1.1.2',
290 silly addNameRange     '1.1.3',
290 silly addNameRange     '1.1.4',
290 silly addNameRange     '1.2.0',
290 silly addNameRange     '1.2.1',
290 silly addNameRange     '1.3.0',
290 silly addNameRange     '1.3.1',
290 silly addNameRange     '1.3.2',
290 silly addNameRange     '1.3.3',
290 silly addNameRange     '1.3.4',
290 silly addNameRange     '1.3.5',
290 silly addNameRange     '1.3.6',
290 silly addNameRange     '1.3.7',
290 silly addNameRange     '1.4.0',
290 silly addNameRange     '1.4.1',
290 silly addNameRange     '1.5.0-alpha',
290 silly addNameRange     '1.5.0-beta',
290 silly addNameRange     '1.5.0-beta-2',
290 silly addNameRange     '1.5.0',
290 silly addNameRange     '1.6.0-alpha-1',
290 silly addNameRange     '1.6.0-alpha-2',
290 silly addNameRange     '1.6.0-alpha-3',
290 silly addNameRange     '1.6.0-beta-1',
290 silly addNameRange     '1.6.0-beta-2',
290 silly addNameRange     '1.6.0-beta-3',
290 silly addNameRange     '1.6.0-beta4',
290 silly addNameRange     '1.6.0',
290 silly addNameRange     '1.7.0-alpha1',
290 silly addNameRange     '1.7.0-alpha2',
290 silly addNameRange     '2.0.0-alpha1',
290 silly addNameRange     '2.0.0-alpha2',
290 silly addNameRange     '1.7.0-alpha3',
290 silly addNameRange     '2.0.0-alpha3',
290 silly addNameRange     '1.7.0-beta.0',
290 silly addNameRange     '2.0.0-beta.0',
290 silly addNameRange     '1.7.0-beta.1',
290 silly addNameRange     '2.0.0-beta.1',
290 silly addNameRange     '1.7.0-beta.2',
290 silly addNameRange     '2.0.0-beta.2',
290 silly addNameRange     '1.7.0-beta.3b',
290 silly addNameRange     '2.0.0-beta.3',
290 silly addNameRange     '1.7.0-beta.4a',
290 silly addNameRange     '2.0.0-beta.4',
290 silly addNameRange     '1.7.0-beta.5',
290 silly addNameRange     '2.0.0-beta.5',
290 silly addNameRange     '1.7.0-beta6',
290 silly addNameRange     '2.0.0-beta.6',
290 silly addNameRange     '1.7.0-beta7',
290 silly addNameRange     '2.0.0-beta.7',
290 silly addNameRange     '2.0.0-beta.8',
290 silly addNameRange     '1.7.0-beta8',
290 silly addNameRange     '1.7.0-rc1',
290 silly addNameRange     '2.0.0-dev1',
290 silly addNameRange     '1.7.0-rc2',
290 silly addNameRange     '2.0.0-dev2',
290 silly addNameRange     '1.7.0-rc3',
290 silly addNameRange     '2.0.0-dev3',
290 silly addNameRange     '1.7.0-rc4',
290 silly addNameRange     '2.0.0-dev4',
290 silly addNameRange     '2.0.0-dev5',
290 silly addNameRange     '1.7.0-rc5',
290 silly addNameRange     '1.7.0-rc6',
290 silly addNameRange     '2.0.0-dev6',
290 silly addNameRange     '2.0.0-dev7',
290 silly addNameRange     '1.7.0-rc7',
290 silly addNameRange     '2.0.0-dev8',
290 silly addNameRange     '1.7.0-rc8',
290 silly addNameRange     '1.7.0-rc9',
290 silly addNameRange     '2.0.0-dev9',
290 silly addNameRange     '2.0.0-dev10',
290 silly addNameRange     '1.7.0',
290 silly addNameRange     '1.7.1',
290 silly addNameRange     '1.7.2',
290 silly addNameRange     '1.7.3',
290 silly addNameRange     '2.0.0-dev11',
290 silly addNameRange     '1.7.4',
290 silly addNameRange     '1.7.5',
290 silly addNameRange     '1.7.7',
290 silly addNameRange     '1.7.8',
290 silly addNameRange     '1.7.9',
290 silly addNameRange     '2.0.0-dev12',
290 silly addNameRange     '1.7.10',
290 silly addNameRange     '2.0.0-dev13',
290 silly addNameRange     '2.0.0-rc1',
290 silly addNameRange     '2.0.0-rc2',
290 silly addNameRange     ... 399 more items ] ]
291 silly addNamed sequelize@5.21.7
292 verbose addNamed "5.21.7" is a plain semver version for sequelize
293 verbose get https://registry.npmjs.org/@hapi%2fhapi not expired, no request
294 warn deprecated @hapi/hapi@18.4.0: This version has been deprecated
295 verbose get https://registry.npmjs.org/moment not expired, no request
296 silly addNameRange number 2 { name: 'moment', range: '>=2.24.0 <3.0.0', hasData: true }
297 silly addNameRange versions [ 'moment',
297 silly addNameRange   [ '1.0.0',
297 silly addNameRange     '1.0.1',
297 silly addNameRange     '1.1.0',
297 silly addNameRange     '1.1.1',
297 silly addNameRange     '1.2.0',
297 silly addNameRange     '1.3.0',
297 silly addNameRange     '1.4.0',
297 silly addNameRange     '1.5.0',
297 silly addNameRange     '1.5.1',
297 silly addNameRange     '1.6.0',
297 silly addNameRange     '1.6.1',
297 silly addNameRange     '1.6.2',
297 silly addNameRange     '1.7.0',
297 silly addNameRange     '1.7.1',
297 silly addNameRange     '1.7.2',
297 silly addNameRange     '2.0.0',
297 silly addNameRange     '2.1.0',
297 silly addNameRange     '2.2.1',
297 silly addNameRange     '2.3.0',
297 silly addNameRange     '2.3.1',
297 silly addNameRange     '2.4.0',
297 silly addNameRange     '2.5.0',
297 silly addNameRange     '2.5.1',
297 silly addNameRange     '2.6.0',
297 silly addNameRange     '2.7.0',
297 silly addNameRange     '2.8.1',
297 silly addNameRange     '2.8.2',
297 silly addNameRange     '2.8.3',
297 silly addNameRange     '2.8.4',
297 silly addNameRange     '2.9.0',
297 silly addNameRange     '2.10.2',
297 silly addNameRange     '2.10.3',
297 silly addNameRange     '2.10.5',
297 silly addNameRange     '2.10.6',
297 silly addNameRange     '2.11.0',
297 silly addNameRange     '2.11.1',
297 silly addNameRange     '2.11.2',
297 silly addNameRange     '2.12.0',
297 silly addNameRange     '2.13.0',
297 silly addNameRange     '2.14.0',
297 silly addNameRange     '2.14.1',
297 silly addNameRange     '2.15.0',
297 silly addNameRange     '2.15.1',
297 silly addNameRange     '2.15.2',
297 silly addNameRange     '2.16.0',
297 silly addNameRange     '2.17.0',
297 silly addNameRange     '2.17.1',
297 silly addNameRange     '2.18.0',
297 silly addNameRange     '2.18.1',
297 silly addNameRange     '2.19.0',
297 silly addNameRange     '2.19.1',
297 silly addNameRange     '2.19.2',
297 silly addNameRange     '2.19.3',
297 silly addNameRange     '2.19.4',
297 silly addNameRange     '2.20.0',
297 silly addNameRange     '2.20.1',
297 silly addNameRange     '2.21.0',
297 silly addNameRange     '2.22.0',
297 silly addNameRange     '2.22.1',
297 silly addNameRange     '2.22.2',
297 silly addNameRange     '2.23.0',
297 silly addNameRange     '2.24.0',
297 silly addNameRange     '2.25.0',
297 silly addNameRange     '2.25.1',
297 silly addNameRange     '2.25.2',
297 silly addNameRange     '2.25.3' ] ]
298 silly addNamed moment@2.25.3
299 verbose addNamed "2.25.3" is a plain semver version for moment
300 silly mapToRegistry name @hapi/hapi
301 silly mapToRegistry scope (from package name) @hapi
302 verbose mapToRegistry no registry URL found in name for scope @hapi
303 silly mapToRegistry using default registry
304 silly mapToRegistry registry https://registry.npmjs.org/
305 silly mapToRegistry uri https://registry.npmjs.org/@hapi%2fhapi
306 verbose addRemoteTarball https://registry.npmjs.org/@hapi/hapi/-/hapi-18.4.0.tgz not in flight; adding
307 verbose addRemoteTarball [ 'https://registry.npmjs.org/@hapi/hapi/-/hapi-18.4.0.tgz',
307 verbose addRemoteTarball   '607c33e31741bacba107011e2e24eaf431d8cc7a' ]
308 verbose get https://registry.npmjs.org/@hapi%2fvision not expired, no request
309 silly addNameRange number 2 { name: '@hapi/vision', range: '>=5.4.4 <6.0.0', hasData: true }
310 silly addNameRange versions [ '@hapi/vision',
310 silly addNameRange   [ '5.5.0', '5.5.1', '5.5.2', '5.5.3', '5.5.4', '6.0.0' ] ]
311 silly addNamed @hapi/vision@5.5.4
312 verbose addNamed "5.5.4" is a plain semver version for @hapi/vision
313 silly cache afterAdd dotenv@8.2.0
314 verbose afterAdd /home/shraddha/.npm/dotenv/8.2.0/package/package.json not in flight; writing
315 silly cache afterAdd slug@2.1.1
316 verbose afterAdd /home/shraddha/.npm/slug/2.1.1/package/package.json not in flight; writing
317 silly cache afterAdd sqlite3@4.2.0
318 verbose afterAdd /home/shraddha/.npm/sqlite3/4.2.0/package/package.json not in flight; writing
319 silly cache afterAdd sequelize@5.21.7
320 verbose afterAdd /home/shraddha/.npm/sequelize/5.21.7/package/package.json not in flight; writing
321 silly cache afterAdd moment@2.25.3
322 verbose afterAdd /home/shraddha/.npm/moment/2.25.3/package/package.json not in flight; writing
323 silly cache afterAdd @hapi/vision@5.5.4
324 verbose afterAdd /home/shraddha/.npm/@hapi/vision/5.5.4/package/package.json not in flight; writing
325 verbose afterAdd /home/shraddha/.npm/dotenv/8.2.0/package/package.json written
326 verbose afterAdd /home/shraddha/.npm/slug/2.1.1/package/package.json written
327 verbose afterAdd /home/shraddha/.npm/sqlite3/4.2.0/package/package.json written
328 verbose afterAdd /home/shraddha/.npm/sequelize/5.21.7/package/package.json written
329 info retry fetch attempt 1 at 6:28:06 PM
330 info attempt registry request try #1 at 6:28:06 PM
331 http fetch GET https://registry.npmjs.org/@hapi/hapi/-/hapi-18.4.0.tgz
332 verbose afterAdd /home/shraddha/.npm/moment/2.25.3/package/package.json written
333 verbose afterAdd /home/shraddha/.npm/@hapi/vision/5.5.4/package/package.json written
334 http fetch 200 https://registry.npmjs.org/@hapi/hapi/-/hapi-18.4.0.tgz
335 silly fetchAndShaCheck shasum 607c33e31741bacba107011e2e24eaf431d8cc7a
336 verbose addTmpTarball /tmp/npm-13155-c98f751d/registry.npmjs.org/_40hapi/hapi/-/hapi-18.4.0.tgz not in flight; adding
337 verbose addTmpTarball already have metadata; skipping unpack for @hapi/hapi@18.4.0
338 silly cache afterAdd @hapi/hapi@18.4.0
339 verbose afterAdd /home/shraddha/.npm/@hapi/hapi/18.4.0/package/package.json not in flight; writing
340 verbose afterAdd /home/shraddha/.npm/@hapi/hapi/18.4.0/package/package.json written
341 silly rollbackFailedOptional Starting
342 silly rollbackFailedOptional Finishing
343 silly runTopLevelLifecycles Starting
344 silly runTopLevelLifecycles Finishing
345 silly install printInstalled
346 verbose stack Error: No compatible version found: @hapi/inert@5.1.3
346 verbose stack Valid install targets:
346 verbose stack 6.0.1, 6.0.0, 5.2.2, 5.2.1, 5.2.0
346 verbose stack
346 verbose stack     at pickVersionFromRegistryDocument (/usr/share/npm/lib/fetch-package-metadata.js:156:16)
346 verbose stack     at /usr/share/npm/node_modules/iferr/index.js:13:50
346 verbose stack     at /usr/share/npm/lib/utils/pulse-till-done.js:19:8
346 verbose stack     at saved (/usr/share/npm/lib/cache/caching-client.js:168:7)
346 verbose stack     at /usr/share/npm/node_modules/graceful-fs/polyfills.js:210:7
346 verbose stack     at FSReqWrap.oncomplete (fs.js:135:15)
347 verbose cwd /home/shraddha/mvcapp
348 error Linux 5.3.0-46-generic
349 error argv "/usr/bin/node" "/usr/bin/npm" "install"
350 error node v8.10.0
351 error npm  v3.5.2
352 error No compatible version found: @hapi/inert@5.1.3
352 error Valid install targets:
352 error 6.0.1, 6.0.0, 5.2.2, 5.2.1, 5.2.0
353 error If you need help, you may report this error at:
353 error     <https://github.com/npm/npm/issues>
354 verbose exit [ 1, true ]
